<?xml version="1.0" encoding="UTF-8"?>
<!-- Generated by org.testng.reporters.JUnitReportReporter -->
<testsuite skipped="0" hostname="Irappa" name="script.TestLogin" tests="1" failures="0" timestamp="21 May 2019 12:49:12 GMT" time="19.792" errors="0">
  <testcase name="testLogin" time="19.792" classname="script.TestLogin"/>
</testsuite> <!-- script.TestLogin -->
