<?xml version="1.0" encoding="UTF-8"?>
<!-- Generated by org.testng.reporters.JUnitReportReporter -->
<testsuite skipped="0" hostname="Irappa" name="script.TestLogin" tests="1" failures="0" timestamp="21 May 2019 07:24:27 GMT" time="27.857" errors="0">
  <testcase name="testLogin" time="27.857" classname="script.TestLogin"/>
</testsuite> <!-- script.TestLogin -->
