<?xml version="1.0" encoding="UTF-8"?>
<!-- Generated by org.testng.reporters.JUnitReportReporter -->
<testsuite skipped="0" hostname="Irappa" name="script.TestnvalidLogin" tests="1" failures="0" timestamp="21 May 2019 07:24:27 GMT" time="9.793" errors="0">
  <testcase name="testinvalidLogin" time="9.793" classname="script.TestnvalidLogin"/>
</testsuite> <!-- script.TestnvalidLogin -->
